[  0%] Built target std_msgs_generate_messages_eus
[  0%] Built target roscpp_generate_messages_lisp
[  0%] Built target rosgraph_msgs_generate_messages_eus
[  0%] Built target roscpp_generate_messages_nodejs
[  0%] Built target rosgraph_msgs_generate_messages_lisp
[  0%] Built target roscpp_generate_messages_eus
[  0%] Built target rosgraph_msgs_generate_messages_py
[  0%] Built target rosgraph_msgs_generate_messages_nodejs
[  0%] Built target roscpp_generate_messages_cpp
[  0%] Built target std_msgs_generate_messages_cpp
[  0%] Built target std_msgs_generate_messages_lisp
[  0%] Built target rosgraph_msgs_generate_messages_cpp
[  0%] Built target std_msgs_generate_messages_nodejs
[  0%] Built target std_msgs_generate_messages_py
[  0%] Built target roscpp_generate_messages_py
[ 50%] [32mBuilding CXX object CMakeFiles/simple_chassis_controller1.dir/src/simple_chassis_controller1.cpp.o[0m
[01m[K/home/xuncheng/lastwork/src/simple_chassis_controller1/src/simple_chassis_controller1.cpp:[m[K In member function ‘[01m[Kvirtual void simple_chassis_controller1::SimpleChassisController::update(const ros::Time&, const ros::Duration&)[m[K’:
[01m[K/home/xuncheng/lastwork/src/simple_chassis_controller1/src/simple_chassis_controller1.cpp:26:17:[m[K [01;31m[Kerror: [m[Kunused variable ‘[01m[Kcmd_[m[K’ [[01;31m[K-Werror=unused-variable[m[K]
   26 |   static double [01;31m[Kcmd_[m[K[6][4] = { { tau, tau, tau, tau },                      //  forward
      |                 [01;31m[K^~~~[m[K
cc1plus: all warnings being treated as errors
make[2]: *** [CMakeFiles/simple_chassis_controller1.dir/build.make:63：CMakeFiles/simple_chassis_controller1.dir/src/simple_chassis_controller1.cpp.o] 错误 1
make[1]: *** [CMakeFiles/Makefile2:657：CMakeFiles/simple_chassis_controller1.dir/all] 错误 2
make: *** [Makefile:141：all] 错误 2
