[01m[K/home/xuncheng/lastwork/src/hero_chassis_controller/src/hero_chassis_controller.cpp:12:6:[m[K [01;31m[Kerror: [m[K‘[01m[KCqcLastWorkController[m[K’ has not been declared
   12 | bool [01;31m[KCqcLastWorkController[m[K::init(hardware_interface::EffortJointInterface* effort_joint_interface,
      |      [01;31m[K^~~~~~~~~~~~~~~~~~~~~[m[K
[01m[K/home/xuncheng/lastwork/src/hero_chassis_controller/src/hero_chassis_controller.cpp:[m[K In function ‘[01m[Kbool hero_chasssis_controller::init(hardware_interface::EffortJointInterface*, ros::NodeHandle&, ros::NodeHandle&)[m[K’:
[01m[K/home/xuncheng/lastwork/src/hero_chassis_controller/src/hero_chassis_controller.cpp:15:3:[m[K [01;31m[Kerror: [m[K‘[01m[Kfront_left_joint_[m[K’ was not declared in this scope
   15 |   [01;31m[Kfront_left_joint_[m[K = effort_joint_interface->getHandle("left_front_wheel_joint");
      |   [01;31m[K^~~~~~~~~~~~~~~~~[m[K
[01m[K/home/xuncheng/lastwork/src/hero_chassis_controller/src/hero_chassis_controller.cpp:16:3:[m[K [01;31m[Kerror: [m[K‘[01m[Kfront_right_joint_[m[K’ was not declared in this scope
   16 |   [01;31m[Kfront_right_joint_[m[K = effort_joint_interface->getHandle("right_front_wheel_joint");
      |   [01;31m[K^~~~~~~~~~~~~~~~~~[m[K
[01m[K/home/xuncheng/lastwork/src/hero_chassis_controller/src/hero_chassis_controller.cpp:17:3:[m[K [01;31m[Kerror: [m[K‘[01m[Kback_left_joint_[m[K’ was not declared in this scope
   17 |   [01;31m[Kback_left_joint_[m[K = effort_joint_interface->getHandle("left_back_wheel_joint");
      |   [01;31m[K^~~~~~~~~~~~~~~~[m[K
[01m[K/home/xuncheng/lastwork/src/hero_chassis_controller/src/hero_chassis_controller.cpp:18:3:[m[K [01;31m[Kerror: [m[K‘[01m[Kback_right_joint_[m[K’ was not declared in this scope
   18 |   [01;31m[Kback_right_joint_[m[K = effort_joint_interface->getHandle("right_back_wheel_joint");
      |   [01;31m[K^~~~~~~~~~~~~~~~~[m[K
[01m[K/home/xuncheng/lastwork/src/hero_chassis_controller/src/hero_chassis_controller.cpp:[m[K At global scope:
[01m[K/home/xuncheng/lastwork/src/hero_chassis_controller/src/hero_chassis_controller.cpp:23:6:[m[K [01;31m[Kerror: [m[K‘[01m[KCqcLastWorkController[m[K’ has not been declared
   23 | void [01;31m[KCqcLastWorkController[m[K::update(const ros::Time& time, const ros::Duration& period)
      |      [01;31m[K^~~~~~~~~~~~~~~~~~~~~[m[K
[01m[K/home/xuncheng/lastwork/src/hero_chassis_controller/src/hero_chassis_controller.cpp:[m[K In function ‘[01m[Kvoid hero_chasssis_controller::update(const ros::Time&, const ros::Duration&)[m[K’:
[01m[K/home/xuncheng/lastwork/src/hero_chassis_controller/src/hero_chassis_controller.cpp:26:3:[m[K [01;31m[Kerror: [m[K‘[01m[Kfront_left_joint_[m[K’ was not declared in this scope
   26 |   [01;31m[Kfront_left_joint_[m[K.setCommand(2.0 );
      |   [01;31m[K^~~~~~~~~~~~~~~~~[m[K
make[2]: *** [CMakeFiles/hero_chassis_controller.dir/build.make:63：CMakeFiles/hero_chassis_controller.dir/src/hero_chassis_controller.cpp.o] 错误 1
make[1]: *** [CMakeFiles/Makefile2:279：CMakeFiles/hero_chassis_controller.dir/all] 错误 2
make: *** [Makefile:141：all] 错误 2
